INFO - 2020-08-06 15:21:24,841 - process: 12936 - aserver.py - 40 - 发送认证信息
INFO - 2020-08-06 15:21:24,880 - process: 12936 - aserver.py - 53 - 认证信息成功
INFO - 2020-08-06 15:21:24,880 - process: 12936 - aserver.py - 61 - 发送网关请求
INFO - 2020-08-06 15:21:24,922 - process: 12936 - aserver.py - 91 - {'m_is_haveZhuanZhang': 0, 'm_strGameSerialNO': 'BZW.1.000', 'm_strMainserverIPAddr': '47.89.41.240', 'm_iMainserverPort': 37115, 'm_strWebRootADDR': '', 'm_strHomeADDR': '', 'm_strHelpADDR': '', 'm_strDownLoadSetupADDR': '', 'm_strDownLoadUpdatepADDR': '', 'm_strRallAddvtisFlashADDR': '', 'm_strRoomRollADDR': '', 'm_nHallInfoShowClass': 0, 'm_nEncryptType': 1, 'm_nFunction': 0, 'm_lNomalIDFrom': 0, 'm_lNomalIDEnd': 14942208, 'm_nIsUsingIMList': 1, 'm_iGameserverPort': 37116}
INFO - 2020-08-06 15:31:49,750 - process: 9004 - aserver.py - 40 - 发送认证信息
INFO - 2020-08-06 15:31:49,790 - process: 9004 - aserver.py - 53 - 认证信息成功
INFO - 2020-08-06 15:31:49,791 - process: 9004 - aserver.py - 61 - 发送网关请求
INFO - 2020-08-06 15:31:49,831 - process: 9004 - aserver.py - 92 - {'m_is_haveZhuanZhang': 17820072, 'm_strGameSerialNO': 'BZW.1.000', 'm_strMainserverIPAddr': '47.89.41.240', 'm_iMainserverPort': 37115, 'm_strWebRootADDR': '', 'm_strHomeADDR': '', 'm_strHelpADDR': '', 'm_strDownLoadSetupADDR': '', 'm_strDownLoadUpdatepADDR': '', 'm_strRallAddvtisFlashADDR': '', 'm_strRoomRollADDR': '', 'm_nHallInfoShowClass': 0, 'm_nEncryptType': 1, 'm_nFunction': 0, 'm_lNomalIDFrom': 21168128, 'm_lNomalIDEnd': 0, 'm_nIsUsingIMList': 1, 'm_iGameserverPort': 37116}
INFO - 2020-08-06 15:33:15,739 - process: 6028 - aserver.py - 40 - 发送认证信息
INFO - 2020-08-06 15:33:15,779 - process: 6028 - aserver.py - 53 - 认证信息成功
INFO - 2020-08-06 15:33:15,779 - process: 6028 - aserver.py - 61 - 发送网关请求
INFO - 2020-08-06 15:33:15,821 - process: 6028 - aserver.py - 92 - {'m_is_haveZhuanZhang': 17820072, 'm_strGameSerialNO': 'BZW.1.000', 'm_strMainserverIPAddr': '47.89.41.240', 'm_iMainserverPort': 37115, 'm_strWebRootADDR': '', 'm_strHomeADDR': '', 'm_strHelpADDR': '', 'm_strDownLoadSetupADDR': '', 'm_strDownLoadUpdatepADDR': '', 'm_strRallAddvtisFlashADDR': '', 'm_strRoomRollADDR': '', 'm_nHallInfoShowClass': 0, 'm_nEncryptType': 1, 'm_nFunction': 0, 'm_lNomalIDFrom': 21168128, 'm_lNomalIDEnd': 0, 'm_nIsUsingIMList': 1, 'm_iGameserverPort': 37116}
INFO - 2020-08-06 15:49:03,757 - process: 13228 - aserver.py - 59 - 发送认证信息
INFO - 2020-08-06 15:49:03,796 - process: 13228 - aserver.py - 71 - 认证信息成功
INFO - 2020-08-06 15:49:03,797 - process: 13228 - aserver.py - 78 - 发送网关请求
INFO - 2020-08-06 15:49:03,839 - process: 13228 - aserver.py - 108 - {'m_is_haveZhuanZhang': 17820072, 'm_strGameSerialNO': 'BZW.1.000', 'm_strMainserverIPAddr': '47.89.41.240', 'm_iMainserverPort': 37115, 'm_strWebRootADDR': '', 'm_strHomeADDR': '', 'm_strHelpADDR': '', 'm_strDownLoadSetupADDR': '', 'm_strDownLoadUpdatepADDR': '', 'm_strRallAddvtisFlashADDR': '', 'm_strRoomRollADDR': '', 'm_nHallInfoShowClass': 0, 'm_nEncryptType': 1, 'm_nFunction': 0, 'm_lNomalIDFrom': 21168128, 'm_lNomalIDEnd': 0, 'm_nIsUsingIMList': 1, 'm_iGameserverPort': 37116}
INFO - 2020-08-06 15:51:59,427 - process: 10932 - aserver.py - 60 - 发送认证信息
INFO - 2020-08-06 15:51:59,466 - process: 10932 - aserver.py - 72 - 认证信息成功
INFO - 2020-08-06 15:51:59,467 - process: 10932 - aserver.py - 79 - 发送网关请求
INFO - 2020-08-06 15:51:59,508 - process: 10932 - aserver.py - 109 - {'m_is_haveZhuanZhang': 17820072, 'm_strGameSerialNO': 'BZW.1.000', 'm_strMainserverIPAddr': '47.89.41.240', 'm_iMainserverPort': 37115, 'm_strWebRootADDR': '', 'm_strHomeADDR': '', 'm_strHelpADDR': '', 'm_strDownLoadSetupADDR': '', 'm_strDownLoadUpdatepADDR': '', 'm_strRallAddvtisFlashADDR': '', 'm_strRoomRollADDR': '', 'm_nHallInfoShowClass': 0, 'm_nEncryptType': 1, 'm_nFunction': 0, 'm_lNomalIDFrom': 21168128, 'm_lNomalIDEnd': 0, 'm_nIsUsingIMList': 1, 'm_iGameserverPort': 37116}
INFO - 2020-08-06 15:52:35,447 - process: 3380 - aserver.py - 60 - 发送认证信息
INFO - 2020-08-06 15:52:35,486 - process: 3380 - aserver.py - 72 - 认证信息成功
INFO - 2020-08-06 15:52:35,487 - process: 3380 - aserver.py - 79 - 发送网关请求
INFO - 2020-08-06 15:52:35,528 - process: 3380 - aserver.py - 109 - {'m_is_haveZhuanZhang': 17820072, 'm_strGameSerialNO': 'BZW.1.000', 'm_strMainserverIPAddr': '47.89.41.240', 'm_iMainserverPort': 37115, 'm_strWebRootADDR': '', 'm_strHomeADDR': '', 'm_strHelpADDR': '', 'm_strDownLoadSetupADDR': '', 'm_strDownLoadUpdatepADDR': '', 'm_strRallAddvtisFlashADDR': '', 'm_strRoomRollADDR': '', 'm_nHallInfoShowClass': 0, 'm_nEncryptType': 1, 'm_nFunction': 0, 'm_lNomalIDFrom': 21168128, 'm_lNomalIDEnd': 0, 'm_nIsUsingIMList': 1, 'm_iGameserverPort': 37116}
INFO - 2020-08-06 16:04:07,750 - process: 9560 - aserver.py - 59 - 发送认证信息
INFO - 2020-08-06 16:04:07,787 - process: 9560 - aserver.py - 71 - 认证信息成功
INFO - 2020-08-06 16:04:07,787 - process: 9560 - aserver.py - 78 - 发送网关请求
INFO - 2020-08-06 16:04:07,818 - process: 9560 - aserver.py - 108 - {'m_is_haveZhuanZhang': 17820072, 'm_strGameSerialNO': 'BZW.1.000', 'm_strMainserverIPAddr': '47.89.41.240', 'm_iMainserverPort': 37115, 'm_strWebRootADDR': '', 'm_strHomeADDR': '', 'm_strHelpADDR': '', 'm_strDownLoadSetupADDR': '', 'm_strDownLoadUpdatepADDR': '', 'm_strRallAddvtisFlashADDR': '', 'm_strRoomRollADDR': '', 'm_nHallInfoShowClass': 0, 'm_nEncryptType': 1, 'm_nFunction': 0, 'm_lNomalIDFrom': 21168128, 'm_lNomalIDEnd': 0, 'm_nIsUsingIMList': 1, 'm_iGameserverPort': 37116}
INFO - 2020-08-06 16:14:04,743 - process: 2668 - aserver.py - 38 - 发送认证信息
INFO - 2020-08-06 16:14:04,815 - process: 2668 - aserver.py - 50 - 认证信息成功
INFO - 2020-08-06 16:14:04,815 - process: 2668 - aserver.py - 57 - 发送网关请求
INFO - 2020-08-06 16:16:04,317 - process: 6264 - aserver.py - 38 - 发送认证信息
INFO - 2020-08-06 16:16:04,519 - process: 6264 - aserver.py - 50 - 认证信息成功
INFO - 2020-08-06 16:16:04,519 - process: 6264 - aserver.py - 57 - 发送网关请求
INFO - 2020-08-06 16:16:38,619 - process: 8668 - aserver.py - 38 - 发送认证信息
INFO - 2020-08-06 16:16:38,726 - process: 8668 - aserver.py - 50 - 认证信息成功
INFO - 2020-08-06 16:16:38,726 - process: 8668 - aserver.py - 57 - 发送网关请求
INFO - 2020-08-06 16:19:59,735 - process: 1728 - aserver.py - 38 - 发送认证信息
INFO - 2020-08-06 16:19:59,839 - process: 1728 - aserver.py - 50 - 认证信息成功
INFO - 2020-08-06 16:19:59,839 - process: 1728 - aserver.py - 57 - 发送网关请求
INFO - 2020-08-06 16:19:59,983 - process: 1728 - aserver.py - 90 - {'m_is_haveZhuanZhang': 17820072, 'm_strGameSerialNO': 'BZW.1.000', 'm_strMainserverIPAddr': '47.89.41.240', 'm_iMainserverPort': 37115, 'm_strWebRootADDR': '', 'm_strHomeADDR': '', 'm_strHelpADDR': '', 'm_strDownLoadSetupADDR': '', 'm_strDownLoadUpdatepADDR': '', 'm_strRallAddvtisFlashADDR': '', 'm_strRoomRollADDR': '', 'm_nHallInfoShowClass': 0, 'm_nEncryptType': 1, 'm_nFunction': 0, 'm_lNomalIDFrom': 21168128, 'm_lNomalIDEnd': 0, 'm_nIsUsingIMList': 1, 'm_iGameserverPort': 37116}
INFO - 2020-08-06 16:22:45,730 - process: 1068 - aserver.py - 38 - 发送认证信息
INFO - 2020-08-06 16:22:45,834 - process: 1068 - aserver.py - 50 - 认证信息成功
INFO - 2020-08-06 16:22:45,834 - process: 1068 - aserver.py - 57 - 发送网关请求
INFO - 2020-08-06 16:22:45,985 - process: 1068 - aserver.py - 90 - {'m_is_haveZhuanZhang': 17820072, 'm_strGameSerialNO': 'BZW.1.000', 'm_strMainserverIPAddr': '47.89.41.240', 'm_iMainserverPort': 37115, 'm_strWebRootADDR': '', 'm_strHomeADDR': '', 'm_strHelpADDR': '', 'm_strDownLoadSetupADDR': '', 'm_strDownLoadUpdatepADDR': '', 'm_strRallAddvtisFlashADDR': '', 'm_strRoomRollADDR': '', 'm_nHallInfoShowClass': 0, 'm_nEncryptType': 1, 'm_nFunction': 0, 'm_lNomalIDFrom': 21168128, 'm_lNomalIDEnd': 0, 'm_nIsUsingIMList': 1, 'm_iGameserverPort': 37116}
INFO - 2020-08-06 16:23:05,696 - process: 12152 - aserver.py - 38 - 发送认证信息
INFO - 2020-08-06 16:23:05,799 - process: 12152 - aserver.py - 50 - 认证信息成功
INFO - 2020-08-06 16:23:05,799 - process: 12152 - aserver.py - 57 - 发送网关请求
INFO - 2020-08-06 16:23:05,959 - process: 12152 - aserver.py - 90 - {'m_is_haveZhuanZhang': 17820072, 'm_strGameSerialNO': 'BZW.1.000', 'm_strMainserverIPAddr': '47.89.41.240', 'm_iMainserverPort': 37115, 'm_strWebRootADDR': '', 'm_strHomeADDR': '', 'm_strHelpADDR': '', 'm_strDownLoadSetupADDR': '', 'm_strDownLoadUpdatepADDR': '', 'm_strRallAddvtisFlashADDR': '', 'm_strRoomRollADDR': '', 'm_nHallInfoShowClass': 0, 'm_nEncryptType': 1, 'm_nFunction': 0, 'm_lNomalIDFrom': 21168128, 'm_lNomalIDEnd': 0, 'm_nIsUsingIMList': 1, 'm_iGameserverPort': 37116}
INFO - 2020-08-06 16:35:38,860 - process: 772 - aserver.py - 38 - 发送认证信息
INFO - 2020-08-06 16:35:38,964 - process: 772 - aserver.py - 50 - 认证信息成功
INFO - 2020-08-06 16:35:38,964 - process: 772 - aserver.py - 57 - 发送网关请求
INFO - 2020-08-06 16:37:31,402 - process: 11508 - aserver.py - 38 - 发送认证信息
INFO - 2020-08-06 16:37:31,498 - process: 11508 - aserver.py - 50 - 认证信息成功
INFO - 2020-08-06 16:37:31,498 - process: 11508 - aserver.py - 57 - 发送网关请求
INFO - 2020-08-06 16:39:45,758 - process: 12076 - aserver.py - 17 - 发送认证信息
INFO - 2020-08-06 16:39:45,846 - process: 12076 - aserver.py - 29 - 认证信息成功
INFO - 2020-08-06 16:39:45,846 - process: 12076 - aserver.py - 36 - 发送网关请求
INFO - 2020-08-06 16:40:31,419 - process: 6740 - aserver.py - 17 - 发送认证信息
INFO - 2020-08-06 16:40:31,515 - process: 6740 - aserver.py - 29 - 认证信息成功
INFO - 2020-08-06 16:40:31,523 - process: 6740 - aserver.py - 36 - 发送网关请求
INFO - 2020-08-06 16:40:31,661 - process: 6740 - aserver.py - 76 - 写入配置文件成功
