发送               请求协议[  1:5] 请求数据大小：   20
响应  时间: 00040   响应协议[  1:3] 响应数据大小：   28
发送               请求协议[102:0] 请求数据大小：   20
响应  时间: 00039   响应协议[102:0] 响应数据大小： 1084
发送               请求协议[  1:5] 请求数据大小：   20
响应  时间: 00040   响应协议[  1:3] 响应数据大小：   28
发送               请求协议[100:1] 请求数据大小：  538
响应  时间: 00087   响应协议[100:5] 响应数据大小： 1193
发送               请求协议[101:1] 请求数据大小：   24
响应  时间: 00040   响应协议[101:2] 响应数据大小： 2940
发送               请求协议[  1:5] 请求数据大小：   20
响应  时间: 00040   响应协议[  1:3] 响应数据大小：   28
发送               请求协议[102:0] 请求数据大小：   20
响应  时间: 00039   响应协议[102:0] 响应数据大小： 1084
发送               请求协议[  1:5] 请求数据大小：   20
响应  时间: 00040   响应协议[  1:3] 响应数据大小：   28
发送               请求协议[100:1] 请求数据大小：  538
响应  时间: 27628   响应协议[  1:4] 响应数据大小：   20
发送               请求协议[  1:5] 请求数据大小：   20
响应  时间: 00040   响应协议[  1:3] 响应数据大小：   28
发送               请求协议[102:0] 请求数据大小：   20
响应  时间: 00039   响应协议[102:0] 响应数据大小： 1084
发送               请求协议[  1:5] 请求数据大小：   20
响应  时间: 00039   响应协议[  1:3] 响应数据大小：   28
发送               请求协议[100:1] 请求数据大小：  538
响应  时间: 25537   响应协议[  1:4] 响应数据大小：   20
发送               请求协议[  1:5] 请求数据大小：   20
响应  时间: 00040   响应协议[  1:3] 响应数据大小：   28
发送               请求协议[102:0] 请求数据大小：   20
响应  时间: 00039   响应协议[102:0] 响应数据大小： 1084
发送               请求协议[  1:5] 请求数据大小：   20
响应  时间: 00041   响应协议[  1:3] 响应数据大小：   28
发送               请求协议[100:1] 请求数据大小：  538
响应  时间: 23436   响应协议[  1:4] 响应数据大小：   20
